<?xml version="1.0" encoding="UTF-8"?>
<testsuites>
  <testsuite name="" tests="4" assertions="5" errors="0" warnings="0" failures="0" skipped="0" time="0.020740">
    <testsuite name="default" tests="4" assertions="5" errors="0" warnings="0" failures="0" skipped="0" time="0.020740">
      <testsuite name="PTK\Config\Test\ConfigLoaderTest" file="C:\Users\Everton\Documents\ConfMgr\tests\ConfigLoaderTest.php" tests="1" assertions="1" errors="0" warnings="0" failures="0" skipped="0" time="0.014378">
        <testcase name="testLoadIniFile" class="PTK\Config\Test\ConfigLoaderTest" classname="PTK.Config.Test.ConfigLoaderTest" file="C:\Users\Everton\Documents\ConfMgr\tests\ConfigLoaderTest.php" line="42" assertions="1" time="0.014378"/>
      </testsuite>
      <testsuite name="PTK\Config\Test\ConfigRepoTest" file="C:\Users\Everton\Documents\ConfMgr\tests\ConfigRepoTest.php" tests="3" assertions="4" errors="0" warnings="0" failures="0" skipped="0" time="0.006361">
        <testcase name="testGetMethodSuccess" class="PTK\Config\Test\ConfigRepoTest" classname="PTK.Config.Test.ConfigRepoTest" file="C:\Users\Everton\Documents\ConfMgr\tests\ConfigRepoTest.php" line="41" assertions="1" time="0.002003"/>
        <testcase name="testGetMagicMethodSuccess" class="PTK\Config\Test\ConfigRepoTest" classname="PTK.Config.Test.ConfigRepoTest" file="C:\Users\Everton\Documents\ConfMgr\tests\ConfigRepoTest.php" line="47" assertions="1" time="0.000887"/>
        <testcase name="testListMethodSuccess" class="PTK\Config\Test\ConfigRepoTest" classname="PTK.Config.Test.ConfigRepoTest" file="C:\Users\Everton\Documents\ConfMgr\tests\ConfigRepoTest.php" line="53" assertions="2" time="0.003472"/>
      </testsuite>
    </testsuite>
  </testsuite>
</testsuites>
